2017-12-24 15:23:20 [scrapy.utils.log] INFO: Scrapy 1.4.0 started (bot: doubanmovie)
2017-12-24 15:23:20 [scrapy.utils.log] INFO: Overridden settings: {'NEWSPIDER_MODULE': 'doubanmovie.spiders', 'SPIDER_MODULES': ['doubanmovie.spiders'], 'BOT_NAME': 'doubanmovie', 'COOKIES_ENABLED': False, 'USER_AGENT': 'Mozilla/5.0 (Windows NT 10.0; Win64; x64) AppleWebKit/537.36 (KHTML, like Gecko) Chrome/63.0.3239.84 Safari/537.36', 'LOG_FILE': 'douban.log'}
2017-12-24 15:23:20 [scrapy.middleware] INFO: Enabled extensions:
['scrapy.extensions.logstats.LogStats',
 'scrapy.extensions.telnet.TelnetConsole',
 'scrapy.extensions.corestats.CoreStats']
2017-12-24 15:23:20 [scrapy.middleware] INFO: Enabled downloader middlewares:
['doubanmovie.middlewares.RandomUserAgent',
 'doubanmovie.middlewares.RandomProxy',
 'scrapy.downloadermiddlewares.httpauth.HttpAuthMiddleware',
 'scrapy.downloadermiddlewares.downloadtimeout.DownloadTimeoutMiddleware',
 'scrapy.downloadermiddlewares.defaultheaders.DefaultHeadersMiddleware',
 'scrapy.downloadermiddlewares.useragent.UserAgentMiddleware',
 'scrapy.downloadermiddlewares.retry.RetryMiddleware',
 'scrapy.downloadermiddlewares.redirect.MetaRefreshMiddleware',
 'scrapy.downloadermiddlewares.httpcompression.HttpCompressionMiddleware',
 'scrapy.downloadermiddlewares.redirect.RedirectMiddleware',
 'scrapy.downloadermiddlewares.httpproxy.HttpProxyMiddleware',
 'scrapy.downloadermiddlewares.stats.DownloaderStats']
2017-12-24 15:23:20 [scrapy.middleware] INFO: Enabled spider middlewares:
['scrapy.spidermiddlewares.httperror.HttpErrorMiddleware',
 'scrapy.spidermiddlewares.offsite.OffsiteMiddleware',
 'scrapy.spidermiddlewares.referer.RefererMiddleware',
 'scrapy.spidermiddlewares.urllength.UrlLengthMiddleware',
 'scrapy.spidermiddlewares.depth.DepthMiddleware']
2017-12-24 15:23:20 [scrapy.middleware] INFO: Enabled item pipelines:
['doubanmovie.pipelines.DoubanmoviePipeline']
2017-12-24 15:23:20 [scrapy.core.engine] INFO: Spider opened
2017-12-24 15:23:20 [scrapy.extensions.logstats] INFO: Crawled 0 pages (at 0 pages/min), scraped 0 items (at 0 items/min)
2017-12-24 15:23:20 [scrapy.extensions.telnet] DEBUG: Telnet console listening on 127.0.0.1:6023
2017-12-24 15:23:21 [scrapy.core.engine] DEBUG: Crawled (200) <GET https://movie.douban.com/top250?start=0&filter=> (referer: None)
2017-12-24 15:23:21 [scrapy.core.engine] INFO: Closing spider (finished)
2017-12-24 15:23:21 [scrapy.statscollectors] INFO: Dumping Scrapy stats:
{'downloader/request_bytes': 317,
 'downloader/request_count': 1,
 'downloader/request_method_count/GET': 1,
 'downloader/response_bytes': 12920,
 'downloader/response_count': 1,
 'downloader/response_status_count/200': 1,
 'finish_reason': 'finished',
 'finish_time': datetime.datetime(2017, 12, 24, 7, 23, 21, 241000),
 'log_count/DEBUG': 2,
 'log_count/INFO': 7,
 'response_received_count': 1,
 'scheduler/dequeued': 1,
 'scheduler/dequeued/memory': 1,
 'scheduler/enqueued': 1,
 'scheduler/enqueued/memory': 1,
 'start_time': datetime.datetime(2017, 12, 24, 7, 23, 20, 843000)}
2017-12-24 15:23:21 [scrapy.core.engine] INFO: Spider closed (finished)
2017-12-24 15:24:07 [scrapy.utils.log] INFO: Scrapy 1.4.0 started (bot: doubanmovie)
2017-12-24 15:24:07 [scrapy.utils.log] INFO: Overridden settings: {'NEWSPIDER_MODULE': 'doubanmovie.spiders', 'SPIDER_MODULES': ['doubanmovie.spiders'], 'LOG_FILE': 'douban.log', 'COOKIES_ENABLED': False, 'BOT_NAME': 'doubanmovie'}
2017-12-24 15:24:07 [scrapy.middleware] INFO: Enabled extensions:
['scrapy.extensions.logstats.LogStats',
 'scrapy.extensions.telnet.TelnetConsole',
 'scrapy.extensions.corestats.CoreStats']
2017-12-24 15:24:08 [scrapy.middleware] INFO: Enabled downloader middlewares:
['doubanmovie.middlewares.RandomUserAgent',
 'doubanmovie.middlewares.RandomProxy',
 'scrapy.downloadermiddlewares.httpauth.HttpAuthMiddleware',
 'scrapy.downloadermiddlewares.downloadtimeout.DownloadTimeoutMiddleware',
 'scrapy.downloadermiddlewares.defaultheaders.DefaultHeadersMiddleware',
 'scrapy.downloadermiddlewares.useragent.UserAgentMiddleware',
 'scrapy.downloadermiddlewares.retry.RetryMiddleware',
 'scrapy.downloadermiddlewares.redirect.MetaRefreshMiddleware',
 'scrapy.downloadermiddlewares.httpcompression.HttpCompressionMiddleware',
 'scrapy.downloadermiddlewares.redirect.RedirectMiddleware',
 'scrapy.downloadermiddlewares.httpproxy.HttpProxyMiddleware',
 'scrapy.downloadermiddlewares.stats.DownloaderStats']
2017-12-24 15:24:08 [scrapy.middleware] INFO: Enabled spider middlewares:
['scrapy.spidermiddlewares.httperror.HttpErrorMiddleware',
 'scrapy.spidermiddlewares.offsite.OffsiteMiddleware',
 'scrapy.spidermiddlewares.referer.RefererMiddleware',
 'scrapy.spidermiddlewares.urllength.UrlLengthMiddleware',
 'scrapy.spidermiddlewares.depth.DepthMiddleware']
2017-12-24 15:24:08 [scrapy.middleware] INFO: Enabled item pipelines:
['doubanmovie.pipelines.DoubanmoviePipeline']
2017-12-24 15:24:08 [scrapy.core.engine] INFO: Spider opened
2017-12-24 15:24:08 [scrapy.extensions.logstats] INFO: Crawled 0 pages (at 0 pages/min), scraped 0 items (at 0 items/min)
2017-12-24 15:24:08 [scrapy.extensions.telnet] DEBUG: Telnet console listening on 127.0.0.1:6023
2017-12-24 15:24:08 [scrapy.core.engine] DEBUG: Crawled (403) <GET https://movie.douban.com/top250?start=0&filter=> (referer: None)
2017-12-24 15:24:08 [scrapy.spidermiddlewares.httperror] INFO: Ignoring response <403 https://movie.douban.com/top250?start=0&filter=>: HTTP status code is not handled or not allowed
2017-12-24 15:24:08 [scrapy.core.engine] INFO: Closing spider (finished)
2017-12-24 15:24:08 [scrapy.statscollectors] INFO: Dumping Scrapy stats:
{'downloader/request_bytes': 236,
 'downloader/request_count': 1,
 'downloader/request_method_count/GET': 1,
 'downloader/response_bytes': 248,
 'downloader/response_count': 1,
 'downloader/response_status_count/403': 1,
 'finish_reason': 'finished',
 'finish_time': datetime.datetime(2017, 12, 24, 7, 24, 8, 402000),
 'httperror/response_ignored_count': 1,
 'httperror/response_ignored_status_count/403': 1,
 'log_count/DEBUG': 2,
 'log_count/INFO': 8,
 'response_received_count': 1,
 'scheduler/dequeued': 1,
 'scheduler/dequeued/memory': 1,
 'scheduler/enqueued': 1,
 'scheduler/enqueued/memory': 1,
 'start_time': datetime.datetime(2017, 12, 24, 7, 24, 8, 192000)}
2017-12-24 15:24:08 [scrapy.core.engine] INFO: Spider closed (finished)
2017-12-24 15:27:55 [scrapy.utils.log] INFO: Scrapy 1.4.0 started (bot: doubanmovie)
2017-12-24 15:27:55 [scrapy.utils.log] INFO: Overridden settings: {'NEWSPIDER_MODULE': 'doubanmovie.spiders', 'SPIDER_MODULES': ['doubanmovie.spiders'], 'LOG_FILE': 'douban.log', 'COOKIES_ENABLED': False, 'BOT_NAME': 'doubanmovie'}
2017-12-24 15:27:55 [scrapy.middleware] INFO: Enabled extensions:
['scrapy.extensions.logstats.LogStats',
 'scrapy.extensions.telnet.TelnetConsole',
 'scrapy.extensions.corestats.CoreStats']
2017-12-24 15:27:55 [scrapy.middleware] INFO: Enabled downloader middlewares:
['doubanmovie.middlewares.RandomUserAgent',
 'doubanmovie.middlewares.RandomProxy',
 'scrapy.downloadermiddlewares.httpauth.HttpAuthMiddleware',
 'scrapy.downloadermiddlewares.downloadtimeout.DownloadTimeoutMiddleware',
 'scrapy.downloadermiddlewares.defaultheaders.DefaultHeadersMiddleware',
 'scrapy.downloadermiddlewares.useragent.UserAgentMiddleware',
 'scrapy.downloadermiddlewares.retry.RetryMiddleware',
 'scrapy.downloadermiddlewares.redirect.MetaRefreshMiddleware',
 'scrapy.downloadermiddlewares.httpcompression.HttpCompressionMiddleware',
 'scrapy.downloadermiddlewares.redirect.RedirectMiddleware',
 'scrapy.downloadermiddlewares.httpproxy.HttpProxyMiddleware',
 'scrapy.downloadermiddlewares.stats.DownloaderStats']
2017-12-24 15:27:55 [scrapy.middleware] INFO: Enabled spider middlewares:
['scrapy.spidermiddlewares.httperror.HttpErrorMiddleware',
 'scrapy.spidermiddlewares.offsite.OffsiteMiddleware',
 'scrapy.spidermiddlewares.referer.RefererMiddleware',
 'scrapy.spidermiddlewares.urllength.UrlLengthMiddleware',
 'scrapy.spidermiddlewares.depth.DepthMiddleware']
2017-12-24 15:27:56 [scrapy.middleware] INFO: Enabled item pipelines:
['doubanmovie.pipelines.DoubanmoviePipeline']
2017-12-24 15:27:56 [scrapy.core.engine] INFO: Spider opened
2017-12-24 15:27:56 [scrapy.extensions.logstats] INFO: Crawled 0 pages (at 0 pages/min), scraped 0 items (at 0 items/min)
2017-12-24 15:27:56 [scrapy.extensions.telnet] DEBUG: Telnet console listening on 127.0.0.1:6023
2017-12-24 15:27:56 [scrapy.core.engine] DEBUG: Crawled (403) <GET https://movie.douban.com/top250?start=0&filter=> (referer: None)
2017-12-24 15:27:56 [scrapy.spidermiddlewares.httperror] INFO: Ignoring response <403 https://movie.douban.com/top250?start=0&filter=>: HTTP status code is not handled or not allowed
2017-12-24 15:27:56 [scrapy.core.engine] INFO: Closing spider (finished)
2017-12-24 15:27:56 [scrapy.statscollectors] INFO: Dumping Scrapy stats:
{'downloader/request_bytes': 236,
 'downloader/request_count': 1,
 'downloader/request_method_count/GET': 1,
 'downloader/response_bytes': 248,
 'downloader/response_count': 1,
 'downloader/response_status_count/403': 1,
 'finish_reason': 'finished',
 'finish_time': datetime.datetime(2017, 12, 24, 7, 27, 56, 274000),
 'httperror/response_ignored_count': 1,
 'httperror/response_ignored_status_count/403': 1,
 'log_count/DEBUG': 2,
 'log_count/INFO': 8,
 'response_received_count': 1,
 'scheduler/dequeued': 1,
 'scheduler/dequeued/memory': 1,
 'scheduler/enqueued': 1,
 'scheduler/enqueued/memory': 1,
 'start_time': datetime.datetime(2017, 12, 24, 7, 27, 56, 32000)}
2017-12-24 15:27:56 [scrapy.core.engine] INFO: Spider closed (finished)
2017-12-24 15:28:34 [scrapy.utils.log] INFO: Scrapy 1.4.0 started (bot: doubanmovie)
2017-12-24 15:28:34 [scrapy.utils.log] INFO: Overridden settings: {'NEWSPIDER_MODULE': 'doubanmovie.spiders', 'SPIDER_MODULES': ['doubanmovie.spiders'], 'LOG_FILE': 'douban.log', 'COOKIES_ENABLED': False, 'BOT_NAME': 'doubanmovie'}
2017-12-24 15:28:34 [scrapy.middleware] INFO: Enabled extensions:
['scrapy.extensions.logstats.LogStats',
 'scrapy.extensions.telnet.TelnetConsole',
 'scrapy.extensions.corestats.CoreStats']
2017-12-24 15:28:34 [scrapy.middleware] INFO: Enabled downloader middlewares:
['doubanmovie.middlewares.RandomUserAgent',
 'doubanmovie.middlewares.RandomProxy',
 'scrapy.downloadermiddlewares.httpauth.HttpAuthMiddleware',
 'scrapy.downloadermiddlewares.downloadtimeout.DownloadTimeoutMiddleware',
 'scrapy.downloadermiddlewares.defaultheaders.DefaultHeadersMiddleware',
 'scrapy.downloadermiddlewares.useragent.UserAgentMiddleware',
 'scrapy.downloadermiddlewares.retry.RetryMiddleware',
 'scrapy.downloadermiddlewares.redirect.MetaRefreshMiddleware',
 'scrapy.downloadermiddlewares.httpcompression.HttpCompressionMiddleware',
 'scrapy.downloadermiddlewares.redirect.RedirectMiddleware',
 'scrapy.downloadermiddlewares.httpproxy.HttpProxyMiddleware',
 'scrapy.downloadermiddlewares.stats.DownloaderStats']
2017-12-24 15:28:34 [scrapy.middleware] INFO: Enabled spider middlewares:
['scrapy.spidermiddlewares.httperror.HttpErrorMiddleware',
 'scrapy.spidermiddlewares.offsite.OffsiteMiddleware',
 'scrapy.spidermiddlewares.referer.RefererMiddleware',
 'scrapy.spidermiddlewares.urllength.UrlLengthMiddleware',
 'scrapy.spidermiddlewares.depth.DepthMiddleware']
2017-12-24 15:28:34 [scrapy.middleware] INFO: Enabled item pipelines:
['doubanmovie.pipelines.DoubanmoviePipeline']
2017-12-24 15:28:34 [scrapy.core.engine] INFO: Spider opened
2017-12-24 15:28:34 [scrapy.extensions.logstats] INFO: Crawled 0 pages (at 0 pages/min), scraped 0 items (at 0 items/min)
2017-12-24 15:28:34 [scrapy.extensions.telnet] DEBUG: Telnet console listening on 127.0.0.1:6023
2017-12-24 15:28:34 [scrapy.core.engine] DEBUG: Crawled (403) <GET https://movie.douban.com/top250?start=0&filter=> (referer: None)
2017-12-24 15:28:34 [scrapy.spidermiddlewares.httperror] INFO: Ignoring response <403 https://movie.douban.com/top250?start=0&filter=>: HTTP status code is not handled or not allowed
2017-12-24 15:28:34 [scrapy.core.engine] INFO: Closing spider (finished)
2017-12-24 15:28:34 [scrapy.statscollectors] INFO: Dumping Scrapy stats:
{'downloader/request_bytes': 236,
 'downloader/request_count': 1,
 'downloader/request_method_count/GET': 1,
 'downloader/response_bytes': 248,
 'downloader/response_count': 1,
 'downloader/response_status_count/403': 1,
 'finish_reason': 'finished',
 'finish_time': datetime.datetime(2017, 12, 24, 7, 28, 34, 898000),
 'httperror/response_ignored_count': 1,
 'httperror/response_ignored_status_count/403': 1,
 'log_count/DEBUG': 2,
 'log_count/INFO': 8,
 'response_received_count': 1,
 'scheduler/dequeued': 1,
 'scheduler/dequeued/memory': 1,
 'scheduler/enqueued': 1,
 'scheduler/enqueued/memory': 1,
 'start_time': datetime.datetime(2017, 12, 24, 7, 28, 34, 635000)}
2017-12-24 15:28:34 [scrapy.core.engine] INFO: Spider closed (finished)
2017-12-24 15:29:26 [scrapy.utils.log] INFO: Scrapy 1.4.0 started (bot: doubanmovie)
2017-12-24 15:29:26 [scrapy.utils.log] INFO: Overridden settings: {'NEWSPIDER_MODULE': 'doubanmovie.spiders', 'SPIDER_MODULES': ['doubanmovie.spiders'], 'LOG_FILE': 'douban.log', 'COOKIES_ENABLED': False, 'BOT_NAME': 'doubanmovie'}
2017-12-24 15:29:26 [scrapy.middleware] INFO: Enabled extensions:
['scrapy.extensions.logstats.LogStats',
 'scrapy.extensions.telnet.TelnetConsole',
 'scrapy.extensions.corestats.CoreStats']
2017-12-24 15:29:27 [scrapy.middleware] INFO: Enabled downloader middlewares:
['doubanmovie.middlewares.RandomUserAgent',
 'doubanmovie.middlewares.RandomProxy',
 'scrapy.downloadermiddlewares.httpauth.HttpAuthMiddleware',
 'scrapy.downloadermiddlewares.downloadtimeout.DownloadTimeoutMiddleware',
 'scrapy.downloadermiddlewares.defaultheaders.DefaultHeadersMiddleware',
 'scrapy.downloadermiddlewares.useragent.UserAgentMiddleware',
 'scrapy.downloadermiddlewares.retry.RetryMiddleware',
 'scrapy.downloadermiddlewares.redirect.MetaRefreshMiddleware',
 'scrapy.downloadermiddlewares.httpcompression.HttpCompressionMiddleware',
 'scrapy.downloadermiddlewares.redirect.RedirectMiddleware',
 'scrapy.downloadermiddlewares.httpproxy.HttpProxyMiddleware',
 'scrapy.downloadermiddlewares.stats.DownloaderStats']
2017-12-24 15:29:27 [scrapy.middleware] INFO: Enabled spider middlewares:
['scrapy.spidermiddlewares.httperror.HttpErrorMiddleware',
 'scrapy.spidermiddlewares.offsite.OffsiteMiddleware',
 'scrapy.spidermiddlewares.referer.RefererMiddleware',
 'scrapy.spidermiddlewares.urllength.UrlLengthMiddleware',
 'scrapy.spidermiddlewares.depth.DepthMiddleware']
2017-12-24 15:29:27 [scrapy.middleware] INFO: Enabled item pipelines:
['doubanmovie.pipelines.DoubanmoviePipeline']
2017-12-24 15:29:27 [scrapy.core.engine] INFO: Spider opened
2017-12-24 15:29:27 [scrapy.extensions.logstats] INFO: Crawled 0 pages (at 0 pages/min), scraped 0 items (at 0 items/min)
2017-12-24 15:29:27 [scrapy.extensions.telnet] DEBUG: Telnet console listening on 127.0.0.1:6023
2017-12-24 15:29:27 [scrapy.core.engine] DEBUG: Crawled (403) <GET https://movie.douban.com/top250?start=0&filter=> (referer: None)
2017-12-24 15:29:27 [scrapy.spidermiddlewares.httperror] INFO: Ignoring response <403 https://movie.douban.com/top250?start=0&filter=>: HTTP status code is not handled or not allowed
2017-12-24 15:29:27 [scrapy.core.engine] INFO: Closing spider (finished)
2017-12-24 15:29:27 [scrapy.statscollectors] INFO: Dumping Scrapy stats:
{'downloader/request_bytes': 236,
 'downloader/request_count': 1,
 'downloader/request_method_count/GET': 1,
 'downloader/response_bytes': 248,
 'downloader/response_count': 1,
 'downloader/response_status_count/403': 1,
 'finish_reason': 'finished',
 'finish_time': datetime.datetime(2017, 12, 24, 7, 29, 27, 444000),
 'httperror/response_ignored_count': 1,
 'httperror/response_ignored_status_count/403': 1,
 'log_count/DEBUG': 2,
 'log_count/INFO': 8,
 'response_received_count': 1,
 'scheduler/dequeued': 1,
 'scheduler/dequeued/memory': 1,
 'scheduler/enqueued': 1,
 'scheduler/enqueued/memory': 1,
 'start_time': datetime.datetime(2017, 12, 24, 7, 29, 27, 209000)}
2017-12-24 15:29:27 [scrapy.core.engine] INFO: Spider closed (finished)
2017-12-24 15:29:49 [scrapy.utils.log] INFO: Scrapy 1.4.0 started (bot: doubanmovie)
2017-12-24 15:29:49 [scrapy.utils.log] INFO: Overridden settings: {'NEWSPIDER_MODULE': 'doubanmovie.spiders', 'SPIDER_MODULES': ['doubanmovie.spiders'], 'LOG_FILE': 'douban.log', 'COOKIES_ENABLED': False, 'BOT_NAME': 'doubanmovie'}
2017-12-24 15:29:49 [scrapy.middleware] INFO: Enabled extensions:
['scrapy.extensions.logstats.LogStats',
 'scrapy.extensions.telnet.TelnetConsole',
 'scrapy.extensions.corestats.CoreStats']
2017-12-24 15:29:50 [scrapy.middleware] INFO: Enabled downloader middlewares:
['doubanmovie.middlewares.RandomUserAgent',
 'doubanmovie.middlewares.RandomProxy',
 'scrapy.downloadermiddlewares.httpauth.HttpAuthMiddleware',
 'scrapy.downloadermiddlewares.downloadtimeout.DownloadTimeoutMiddleware',
 'scrapy.downloadermiddlewares.defaultheaders.DefaultHeadersMiddleware',
 'scrapy.downloadermiddlewares.useragent.UserAgentMiddleware',
 'scrapy.downloadermiddlewares.retry.RetryMiddleware',
 'scrapy.downloadermiddlewares.redirect.MetaRefreshMiddleware',
 'scrapy.downloadermiddlewares.httpcompression.HttpCompressionMiddleware',
 'scrapy.downloadermiddlewares.redirect.RedirectMiddleware',
 'scrapy.downloadermiddlewares.httpproxy.HttpProxyMiddleware',
 'scrapy.downloadermiddlewares.stats.DownloaderStats']
2017-12-24 15:29:50 [scrapy.middleware] INFO: Enabled spider middlewares:
['scrapy.spidermiddlewares.httperror.HttpErrorMiddleware',
 'scrapy.spidermiddlewares.offsite.OffsiteMiddleware',
 'scrapy.spidermiddlewares.referer.RefererMiddleware',
 'scrapy.spidermiddlewares.urllength.UrlLengthMiddleware',
 'scrapy.spidermiddlewares.depth.DepthMiddleware']
2017-12-24 15:29:50 [scrapy.middleware] INFO: Enabled item pipelines:
['doubanmovie.pipelines.DoubanmoviePipeline']
2017-12-24 15:29:50 [scrapy.core.engine] INFO: Spider opened
2017-12-24 15:29:50 [scrapy.extensions.logstats] INFO: Crawled 0 pages (at 0 pages/min), scraped 0 items (at 0 items/min)
2017-12-24 15:29:50 [scrapy.extensions.telnet] DEBUG: Telnet console listening on 127.0.0.1:6023
2017-12-24 15:29:50 [scrapy.core.engine] DEBUG: Crawled (403) <GET https://movie.douban.com/top250?start=0&filter=> (referer: None)
2017-12-24 15:29:50 [scrapy.spidermiddlewares.httperror] INFO: Ignoring response <403 https://movie.douban.com/top250?start=0&filter=>: HTTP status code is not handled or not allowed
2017-12-24 15:29:50 [scrapy.core.engine] INFO: Closing spider (finished)
2017-12-24 15:29:50 [scrapy.statscollectors] INFO: Dumping Scrapy stats:
{'downloader/request_bytes': 236,
 'downloader/request_count': 1,
 'downloader/request_method_count/GET': 1,
 'downloader/response_bytes': 248,
 'downloader/response_count': 1,
 'downloader/response_status_count/403': 1,
 'finish_reason': 'finished',
 'finish_time': datetime.datetime(2017, 12, 24, 7, 29, 50, 341000),
 'httperror/response_ignored_count': 1,
 'httperror/response_ignored_status_count/403': 1,
 'log_count/DEBUG': 2,
 'log_count/INFO': 8,
 'response_received_count': 1,
 'scheduler/dequeued': 1,
 'scheduler/dequeued/memory': 1,
 'scheduler/enqueued': 1,
 'scheduler/enqueued/memory': 1,
 'start_time': datetime.datetime(2017, 12, 24, 7, 29, 50, 131000)}
2017-12-24 15:29:50 [scrapy.core.engine] INFO: Spider closed (finished)
2017-12-24 15:31:22 [scrapy.utils.log] INFO: Scrapy 1.4.0 started (bot: doubanmovie)
2017-12-24 15:31:22 [scrapy.utils.log] INFO: Overridden settings: {'NEWSPIDER_MODULE': 'doubanmovie.spiders', 'SPIDER_MODULES': ['doubanmovie.spiders'], 'LOG_FILE': 'douban.log', 'COOKIES_ENABLED': False, 'BOT_NAME': 'doubanmovie'}
2017-12-24 15:31:22 [scrapy.middleware] INFO: Enabled extensions:
['scrapy.extensions.logstats.LogStats',
 'scrapy.extensions.telnet.TelnetConsole',
 'scrapy.extensions.corestats.CoreStats']
2017-12-24 15:31:23 [scrapy.middleware] INFO: Enabled downloader middlewares:
['doubanmovie.middlewares.RandomUserAgent',
 'doubanmovie.middlewares.RandomProxy',
 'scrapy.downloadermiddlewares.httpauth.HttpAuthMiddleware',
 'scrapy.downloadermiddlewares.downloadtimeout.DownloadTimeoutMiddleware',
 'scrapy.downloadermiddlewares.defaultheaders.DefaultHeadersMiddleware',
 'scrapy.downloadermiddlewares.useragent.UserAgentMiddleware',
 'scrapy.downloadermiddlewares.retry.RetryMiddleware',
 'scrapy.downloadermiddlewares.redirect.MetaRefreshMiddleware',
 'scrapy.downloadermiddlewares.httpcompression.HttpCompressionMiddleware',
 'scrapy.downloadermiddlewares.redirect.RedirectMiddleware',
 'scrapy.downloadermiddlewares.httpproxy.HttpProxyMiddleware',
 'scrapy.downloadermiddlewares.stats.DownloaderStats']
2017-12-24 15:31:23 [scrapy.middleware] INFO: Enabled spider middlewares:
['scrapy.spidermiddlewares.httperror.HttpErrorMiddleware',
 'scrapy.spidermiddlewares.offsite.OffsiteMiddleware',
 'scrapy.spidermiddlewares.referer.RefererMiddleware',
 'scrapy.spidermiddlewares.urllength.UrlLengthMiddleware',
 'scrapy.spidermiddlewares.depth.DepthMiddleware']
2017-12-24 15:31:23 [scrapy.middleware] INFO: Enabled item pipelines:
['doubanmovie.pipelines.DoubanmoviePipeline']
2017-12-24 15:31:23 [scrapy.core.engine] INFO: Spider opened
2017-12-24 15:31:23 [scrapy.extensions.logstats] INFO: Crawled 0 pages (at 0 pages/min), scraped 0 items (at 0 items/min)
2017-12-24 15:31:23 [scrapy.extensions.telnet] DEBUG: Telnet console listening on 127.0.0.1:6023
2017-12-24 15:31:23 [scrapy.core.engine] DEBUG: Crawled (403) <GET https://movie.douban.com/top250?start=0&filter=> (referer: None)
2017-12-24 15:31:23 [scrapy.spidermiddlewares.httperror] INFO: Ignoring response <403 https://movie.douban.com/top250?start=0&filter=>: HTTP status code is not handled or not allowed
2017-12-24 15:31:23 [scrapy.core.engine] INFO: Closing spider (finished)
2017-12-24 15:31:23 [scrapy.statscollectors] INFO: Dumping Scrapy stats:
{'downloader/request_bytes': 236,
 'downloader/request_count': 1,
 'downloader/request_method_count/GET': 1,
 'downloader/response_bytes': 248,
 'downloader/response_count': 1,
 'downloader/response_status_count/403': 1,
 'finish_reason': 'finished',
 'finish_time': datetime.datetime(2017, 12, 24, 7, 31, 23, 441000),
 'httperror/response_ignored_count': 1,
 'httperror/response_ignored_status_count/403': 1,
 'log_count/DEBUG': 2,
 'log_count/INFO': 8,
 'response_received_count': 1,
 'scheduler/dequeued': 1,
 'scheduler/dequeued/memory': 1,
 'scheduler/enqueued': 1,
 'scheduler/enqueued/memory': 1,
 'start_time': datetime.datetime(2017, 12, 24, 7, 31, 23, 238000)}
2017-12-24 15:31:23 [scrapy.core.engine] INFO: Spider closed (finished)
2017-12-24 15:34:36 [scrapy.utils.log] INFO: Scrapy 1.4.0 started (bot: doubanmovie)
2017-12-24 15:34:36 [scrapy.utils.log] INFO: Overridden settings: {'NEWSPIDER_MODULE': 'doubanmovie.spiders', 'SPIDER_MODULES': ['doubanmovie.spiders'], 'LOG_FILE': 'douban.log', 'COOKIES_ENABLED': False, 'BOT_NAME': 'doubanmovie'}
2017-12-24 15:34:36 [scrapy.middleware] INFO: Enabled extensions:
['scrapy.extensions.logstats.LogStats',
 'scrapy.extensions.telnet.TelnetConsole',
 'scrapy.extensions.corestats.CoreStats']
2017-12-24 15:34:36 [scrapy.middleware] INFO: Enabled downloader middlewares:
['doubanmovie.middlewares.RandomUserAgent',
 'doubanmovie.middlewares.RandomProxy',
 'scrapy.downloadermiddlewares.httpauth.HttpAuthMiddleware',
 'scrapy.downloadermiddlewares.downloadtimeout.DownloadTimeoutMiddleware',
 'scrapy.downloadermiddlewares.defaultheaders.DefaultHeadersMiddleware',
 'scrapy.downloadermiddlewares.useragent.UserAgentMiddleware',
 'scrapy.downloadermiddlewares.retry.RetryMiddleware',
 'scrapy.downloadermiddlewares.redirect.MetaRefreshMiddleware',
 'scrapy.downloadermiddlewares.httpcompression.HttpCompressionMiddleware',
 'scrapy.downloadermiddlewares.redirect.RedirectMiddleware',
 'scrapy.downloadermiddlewares.httpproxy.HttpProxyMiddleware',
 'scrapy.downloadermiddlewares.stats.DownloaderStats']
2017-12-24 15:34:36 [scrapy.middleware] INFO: Enabled spider middlewares:
['scrapy.spidermiddlewares.httperror.HttpErrorMiddleware',
 'scrapy.spidermiddlewares.offsite.OffsiteMiddleware',
 'scrapy.spidermiddlewares.referer.RefererMiddleware',
 'scrapy.spidermiddlewares.urllength.UrlLengthMiddleware',
 'scrapy.spidermiddlewares.depth.DepthMiddleware']
2017-12-24 15:34:36 [scrapy.middleware] INFO: Enabled item pipelines:
['doubanmovie.pipelines.DoubanmoviePipeline']
2017-12-24 15:34:36 [scrapy.core.engine] INFO: Spider opened
2017-12-24 15:34:37 [scrapy.extensions.logstats] INFO: Crawled 0 pages (at 0 pages/min), scraped 0 items (at 0 items/min)
2017-12-24 15:34:37 [scrapy.extensions.telnet] DEBUG: Telnet console listening on 127.0.0.1:6023
2017-12-24 15:34:37 [scrapy.core.engine] DEBUG: Crawled (403) <GET https://movie.douban.com/top250?start=0&filter=> (referer: None)
2017-12-24 15:34:37 [scrapy.spidermiddlewares.httperror] INFO: Ignoring response <403 https://movie.douban.com/top250?start=0&filter=>: HTTP status code is not handled or not allowed
2017-12-24 15:34:37 [scrapy.core.engine] INFO: Closing spider (finished)
2017-12-24 15:34:37 [scrapy.statscollectors] INFO: Dumping Scrapy stats:
{'downloader/request_bytes': 236,
 'downloader/request_count': 1,
 'downloader/request_method_count/GET': 1,
 'downloader/response_bytes': 248,
 'downloader/response_count': 1,
 'downloader/response_status_count/403': 1,
 'finish_reason': 'finished',
 'finish_time': datetime.datetime(2017, 12, 24, 7, 34, 37, 239000),
 'httperror/response_ignored_count': 1,
 'httperror/response_ignored_status_count/403': 1,
 'log_count/DEBUG': 2,
 'log_count/INFO': 8,
 'response_received_count': 1,
 'scheduler/dequeued': 1,
 'scheduler/dequeued/memory': 1,
 'scheduler/enqueued': 1,
 'scheduler/enqueued/memory': 1,
 'start_time': datetime.datetime(2017, 12, 24, 7, 34, 37, 6000)}
2017-12-24 15:34:37 [scrapy.core.engine] INFO: Spider closed (finished)
2017-12-24 15:42:01 [scrapy.utils.log] INFO: Scrapy 1.4.0 started (bot: doubanmovie)
2017-12-24 15:42:01 [scrapy.utils.log] INFO: Overridden settings: {'NEWSPIDER_MODULE': 'doubanmovie.spiders', 'SPIDER_MODULES': ['doubanmovie.spiders'], 'LOG_FILE': 'douban.log', 'COOKIES_ENABLED': False, 'BOT_NAME': 'doubanmovie'}
2017-12-24 15:42:01 [scrapy.middleware] INFO: Enabled extensions:
['scrapy.extensions.logstats.LogStats',
 'scrapy.extensions.telnet.TelnetConsole',
 'scrapy.extensions.corestats.CoreStats']
2017-12-24 15:42:01 [scrapy.middleware] INFO: Enabled downloader middlewares:
['doubanmovie.middlewares.RandomUserAgent',
 'doubanmovie.middlewares.RandomProxy',
 'scrapy.downloadermiddlewares.httpauth.HttpAuthMiddleware',
 'scrapy.downloadermiddlewares.downloadtimeout.DownloadTimeoutMiddleware',
 'scrapy.downloadermiddlewares.defaultheaders.DefaultHeadersMiddleware',
 'scrapy.downloadermiddlewares.useragent.UserAgentMiddleware',
 'scrapy.downloadermiddlewares.retry.RetryMiddleware',
 'scrapy.downloadermiddlewares.redirect.MetaRefreshMiddleware',
 'scrapy.downloadermiddlewares.httpcompression.HttpCompressionMiddleware',
 'scrapy.downloadermiddlewares.redirect.RedirectMiddleware',
 'scrapy.downloadermiddlewares.httpproxy.HttpProxyMiddleware',
 'scrapy.downloadermiddlewares.stats.DownloaderStats']
2017-12-24 15:42:01 [scrapy.middleware] INFO: Enabled spider middlewares:
['scrapy.spidermiddlewares.httperror.HttpErrorMiddleware',
 'scrapy.spidermiddlewares.offsite.OffsiteMiddleware',
 'scrapy.spidermiddlewares.referer.RefererMiddleware',
 'scrapy.spidermiddlewares.urllength.UrlLengthMiddleware',
 'scrapy.spidermiddlewares.depth.DepthMiddleware']
2017-12-24 15:42:01 [scrapy.middleware] INFO: Enabled item pipelines:
['doubanmovie.pipelines.DoubanmoviePipeline']
2017-12-24 15:42:01 [scrapy.core.engine] INFO: Spider opened
2017-12-24 15:42:01 [scrapy.extensions.logstats] INFO: Crawled 0 pages (at 0 pages/min), scraped 0 items (at 0 items/min)
2017-12-24 15:42:01 [scrapy.extensions.telnet] DEBUG: Telnet console listening on 127.0.0.1:6023
2017-12-24 15:42:01 [scrapy.core.engine] DEBUG: Crawled (403) <GET https://movie.douban.com/top250?start=0&filter=> (referer: None)
2017-12-24 15:42:01 [scrapy.spidermiddlewares.httperror] INFO: Ignoring response <403 https://movie.douban.com/top250?start=0&filter=>: HTTP status code is not handled or not allowed
2017-12-24 15:42:01 [scrapy.core.engine] INFO: Closing spider (finished)
2017-12-24 15:42:01 [scrapy.statscollectors] INFO: Dumping Scrapy stats:
{'downloader/request_bytes': 236,
 'downloader/request_count': 1,
 'downloader/request_method_count/GET': 1,
 'downloader/response_bytes': 248,
 'downloader/response_count': 1,
 'downloader/response_status_count/403': 1,
 'finish_reason': 'finished',
 'finish_time': datetime.datetime(2017, 12, 24, 7, 42, 1, 869000),
 'httperror/response_ignored_count': 1,
 'httperror/response_ignored_status_count/403': 1,
 'log_count/DEBUG': 2,
 'log_count/INFO': 8,
 'response_received_count': 1,
 'scheduler/dequeued': 1,
 'scheduler/dequeued/memory': 1,
 'scheduler/enqueued': 1,
 'scheduler/enqueued/memory': 1,
 'start_time': datetime.datetime(2017, 12, 24, 7, 42, 1, 661000)}
2017-12-24 15:42:01 [scrapy.core.engine] INFO: Spider closed (finished)
2017-12-24 15:42:08 [scrapy.utils.log] INFO: Scrapy 1.4.0 started (bot: doubanmovie)
2017-12-24 15:42:08 [scrapy.utils.log] INFO: Overridden settings: {'NEWSPIDER_MODULE': 'doubanmovie.spiders', 'SPIDER_MODULES': ['doubanmovie.spiders'], 'LOG_FILE': 'douban.log', 'COOKIES_ENABLED': False, 'BOT_NAME': 'doubanmovie'}
2017-12-24 15:42:08 [scrapy.middleware] INFO: Enabled extensions:
['scrapy.extensions.logstats.LogStats',
 'scrapy.extensions.telnet.TelnetConsole',
 'scrapy.extensions.corestats.CoreStats']
2017-12-24 15:42:08 [scrapy.middleware] INFO: Enabled downloader middlewares:
['doubanmovie.middlewares.RandomUserAgent',
 'doubanmovie.middlewares.RandomProxy',
 'scrapy.downloadermiddlewares.httpauth.HttpAuthMiddleware',
 'scrapy.downloadermiddlewares.downloadtimeout.DownloadTimeoutMiddleware',
 'scrapy.downloadermiddlewares.defaultheaders.DefaultHeadersMiddleware',
 'scrapy.downloadermiddlewares.useragent.UserAgentMiddleware',
 'scrapy.downloadermiddlewares.retry.RetryMiddleware',
 'scrapy.downloadermiddlewares.redirect.MetaRefreshMiddleware',
 'scrapy.downloadermiddlewares.httpcompression.HttpCompressionMiddleware',
 'scrapy.downloadermiddlewares.redirect.RedirectMiddleware',
 'scrapy.downloadermiddlewares.httpproxy.HttpProxyMiddleware',
 'scrapy.downloadermiddlewares.stats.DownloaderStats']
2017-12-24 15:42:08 [scrapy.middleware] INFO: Enabled spider middlewares:
['scrapy.spidermiddlewares.httperror.HttpErrorMiddleware',
 'scrapy.spidermiddlewares.offsite.OffsiteMiddleware',
 'scrapy.spidermiddlewares.referer.RefererMiddleware',
 'scrapy.spidermiddlewares.urllength.UrlLengthMiddleware',
 'scrapy.spidermiddlewares.depth.DepthMiddleware']
2017-12-24 15:42:08 [scrapy.middleware] INFO: Enabled item pipelines:
['doubanmovie.pipelines.DoubanmoviePipeline']
2017-12-24 15:42:08 [scrapy.core.engine] INFO: Spider opened
2017-12-24 15:42:08 [scrapy.extensions.logstats] INFO: Crawled 0 pages (at 0 pages/min), scraped 0 items (at 0 items/min)
2017-12-24 15:42:08 [scrapy.extensions.telnet] DEBUG: Telnet console listening on 127.0.0.1:6023
2017-12-24 15:42:09 [scrapy.core.engine] DEBUG: Crawled (403) <GET https://movie.douban.com/top250?start=0&filter=> (referer: None)
2017-12-24 15:42:09 [scrapy.spidermiddlewares.httperror] INFO: Ignoring response <403 https://movie.douban.com/top250?start=0&filter=>: HTTP status code is not handled or not allowed
2017-12-24 15:42:09 [scrapy.core.engine] INFO: Closing spider (finished)
2017-12-24 15:42:09 [scrapy.statscollectors] INFO: Dumping Scrapy stats:
{'downloader/request_bytes': 236,
 'downloader/request_count': 1,
 'downloader/request_method_count/GET': 1,
 'downloader/response_bytes': 248,
 'downloader/response_count': 1,
 'downloader/response_status_count/403': 1,
 'finish_reason': 'finished',
 'finish_time': datetime.datetime(2017, 12, 24, 7, 42, 9, 274000),
 'httperror/response_ignored_count': 1,
 'httperror/response_ignored_status_count/403': 1,
 'log_count/DEBUG': 2,
 'log_count/INFO': 8,
 'response_received_count': 1,
 'scheduler/dequeued': 1,
 'scheduler/dequeued/memory': 1,
 'scheduler/enqueued': 1,
 'scheduler/enqueued/memory': 1,
 'start_time': datetime.datetime(2017, 12, 24, 7, 42, 8, 985000)}
2017-12-24 15:42:09 [scrapy.core.engine] INFO: Spider closed (finished)
2017-12-24 15:49:43 [scrapy.utils.log] INFO: Scrapy 1.4.0 started (bot: doubanmovie)
2017-12-24 15:49:43 [scrapy.utils.log] INFO: Overridden settings: {'NEWSPIDER_MODULE': 'doubanmovie.spiders', 'SPIDER_MODULES': ['doubanmovie.spiders'], 'LOG_FILE': 'douban.log', 'COOKIES_ENABLED': False, 'BOT_NAME': 'doubanmovie'}
2017-12-24 15:49:43 [scrapy.middleware] INFO: Enabled extensions:
['scrapy.extensions.logstats.LogStats',
 'scrapy.extensions.telnet.TelnetConsole',
 'scrapy.extensions.corestats.CoreStats']
2017-12-24 15:49:43 [twisted] CRITICAL: Unhandled error in Deferred:
2017-12-24 15:49:43 [twisted] CRITICAL: 
Traceback (most recent call last):
  File "c:\python27\lib\site-packages\twisted\internet\defer.py", line 1386, in _inlineCallbacks
    result = g.send(result)
  File "c:\python27\lib\site-packages\scrapy\crawler.py", line 95, in crawl
    six.reraise(*exc_info)
  File "c:\python27\lib\site-packages\scrapy\crawler.py", line 77, in crawl
    self.engine = self._create_engine()
  File "c:\python27\lib\site-packages\scrapy\crawler.py", line 102, in _create_engine
    return ExecutionEngine(self, lambda _: self.stop())
  File "c:\python27\lib\site-packages\scrapy\core\engine.py", line 69, in __init__
    self.downloader = downloader_cls(crawler)
  File "c:\python27\lib\site-packages\scrapy\core\downloader\__init__.py", line 88, in __init__
    self.middleware = DownloaderMiddlewareManager.from_crawler(crawler)
  File "c:\python27\lib\site-packages\scrapy\middleware.py", line 58, in from_crawler
    return cls.from_settings(crawler.settings, crawler)
  File "c:\python27\lib\site-packages\scrapy\middleware.py", line 34, in from_settings
    mwcls = load_object(clspath)
  File "c:\python27\lib\site-packages\scrapy\utils\misc.py", line 44, in load_object
    mod = import_module(module)
  File "c:\python27\lib\importlib\__init__.py", line 37, in import_module
    __import__(name)
  File "C:\Users\TIAN\Desktop\learn_spider\doubanmovie\doubanmovie\middlewares.py", line 62
    self.
        ^
SyntaxError: invalid syntax
2017-12-24 15:50:06 [scrapy.utils.log] INFO: Scrapy 1.4.0 started (bot: doubanmovie)
2017-12-24 15:50:06 [scrapy.utils.log] INFO: Overridden settings: {'NEWSPIDER_MODULE': 'doubanmovie.spiders', 'SPIDER_MODULES': ['doubanmovie.spiders'], 'LOG_FILE': 'douban.log', 'COOKIES_ENABLED': False, 'BOT_NAME': 'doubanmovie'}
2017-12-24 15:50:06 [scrapy.middleware] INFO: Enabled extensions:
['scrapy.extensions.logstats.LogStats',
 'scrapy.extensions.telnet.TelnetConsole',
 'scrapy.extensions.corestats.CoreStats']
2017-12-24 15:50:06 [scrapy.middleware] INFO: Enabled downloader middlewares:
['doubanmovie.middlewares.RandomUserAgent',
 'doubanmovie.middlewares.RandomProxy',
 'scrapy.downloadermiddlewares.httpauth.HttpAuthMiddleware',
 'scrapy.downloadermiddlewares.downloadtimeout.DownloadTimeoutMiddleware',
 'scrapy.downloadermiddlewares.defaultheaders.DefaultHeadersMiddleware',
 'scrapy.downloadermiddlewares.useragent.UserAgentMiddleware',
 'scrapy.downloadermiddlewares.retry.RetryMiddleware',
 'scrapy.downloadermiddlewares.redirect.MetaRefreshMiddleware',
 'scrapy.downloadermiddlewares.httpcompression.HttpCompressionMiddleware',
 'scrapy.downloadermiddlewares.redirect.RedirectMiddleware',
 'scrapy.downloadermiddlewares.httpproxy.HttpProxyMiddleware',
 'scrapy.downloadermiddlewares.stats.DownloaderStats']
2017-12-24 15:50:06 [scrapy.middleware] INFO: Enabled spider middlewares:
['scrapy.spidermiddlewares.httperror.HttpErrorMiddleware',
 'scrapy.spidermiddlewares.offsite.OffsiteMiddleware',
 'scrapy.spidermiddlewares.referer.RefererMiddleware',
 'scrapy.spidermiddlewares.urllength.UrlLengthMiddleware',
 'scrapy.spidermiddlewares.depth.DepthMiddleware']
2017-12-24 15:50:06 [scrapy.middleware] INFO: Enabled item pipelines:
['doubanmovie.pipelines.DoubanmoviePipeline']
2017-12-24 15:50:06 [scrapy.core.engine] INFO: Spider opened
2017-12-24 15:50:06 [scrapy.extensions.logstats] INFO: Crawled 0 pages (at 0 pages/min), scraped 0 items (at 0 items/min)
2017-12-24 15:50:06 [scrapy.extensions.telnet] DEBUG: Telnet console listening on 127.0.0.1:6023
2017-12-24 15:50:07 [scrapy.core.engine] DEBUG: Crawled (403) <GET https://movie.douban.com/top250?start=0&filter=> (referer: None)
2017-12-24 15:50:07 [scrapy.spidermiddlewares.httperror] INFO: Ignoring response <403 https://movie.douban.com/top250?start=0&filter=>: HTTP status code is not handled or not allowed
2017-12-24 15:50:07 [scrapy.core.engine] INFO: Closing spider (finished)
2017-12-24 15:50:07 [scrapy.statscollectors] INFO: Dumping Scrapy stats:
{'downloader/request_bytes': 236,
 'downloader/request_count': 1,
 'downloader/request_method_count/GET': 1,
 'downloader/response_bytes': 248,
 'downloader/response_count': 1,
 'downloader/response_status_count/403': 1,
 'finish_reason': 'finished',
 'finish_time': datetime.datetime(2017, 12, 24, 7, 50, 7, 115000),
 'httperror/response_ignored_count': 1,
 'httperror/response_ignored_status_count/403': 1,
 'log_count/DEBUG': 2,
 'log_count/INFO': 8,
 'response_received_count': 1,
 'scheduler/dequeued': 1,
 'scheduler/dequeued/memory': 1,
 'scheduler/enqueued': 1,
 'scheduler/enqueued/memory': 1,
 'start_time': datetime.datetime(2017, 12, 24, 7, 50, 6, 716000)}
2017-12-24 15:50:07 [scrapy.core.engine] INFO: Spider closed (finished)
2017-12-24 15:51:16 [scrapy.utils.log] INFO: Scrapy 1.4.0 started (bot: doubanmovie)
2017-12-24 15:51:16 [scrapy.utils.log] INFO: Overridden settings: {'NEWSPIDER_MODULE': 'doubanmovie.spiders', 'SPIDER_MODULES': ['doubanmovie.spiders'], 'LOG_FILE': 'douban.log', 'COOKIES_ENABLED': False, 'BOT_NAME': 'doubanmovie'}
2017-12-24 15:51:16 [scrapy.middleware] INFO: Enabled extensions:
['scrapy.extensions.logstats.LogStats',
 'scrapy.extensions.telnet.TelnetConsole',
 'scrapy.extensions.corestats.CoreStats']
2017-12-24 15:51:16 [scrapy.middleware] INFO: Enabled downloader middlewares:
['doubanmovie.middlewares.RandomUserAgent',
 'doubanmovie.middlewares.RandomProxy',
 'scrapy.downloadermiddlewares.httpauth.HttpAuthMiddleware',
 'scrapy.downloadermiddlewares.downloadtimeout.DownloadTimeoutMiddleware',
 'scrapy.downloadermiddlewares.defaultheaders.DefaultHeadersMiddleware',
 'scrapy.downloadermiddlewares.useragent.UserAgentMiddleware',
 'scrapy.downloadermiddlewares.retry.RetryMiddleware',
 'scrapy.downloadermiddlewares.redirect.MetaRefreshMiddleware',
 'scrapy.downloadermiddlewares.httpcompression.HttpCompressionMiddleware',
 'scrapy.downloadermiddlewares.redirect.RedirectMiddleware',
 'scrapy.downloadermiddlewares.httpproxy.HttpProxyMiddleware',
 'scrapy.downloadermiddlewares.stats.DownloaderStats']
2017-12-24 15:51:16 [scrapy.middleware] INFO: Enabled spider middlewares:
['scrapy.spidermiddlewares.httperror.HttpErrorMiddleware',
 'scrapy.spidermiddlewares.offsite.OffsiteMiddleware',
 'scrapy.spidermiddlewares.referer.RefererMiddleware',
 'scrapy.spidermiddlewares.urllength.UrlLengthMiddleware',
 'scrapy.spidermiddlewares.depth.DepthMiddleware']
2017-12-24 15:51:16 [scrapy.middleware] INFO: Enabled item pipelines:
['doubanmovie.pipelines.DoubanmoviePipeline']
2017-12-24 15:51:16 [scrapy.core.engine] INFO: Spider opened
2017-12-24 15:51:16 [scrapy.extensions.logstats] INFO: Crawled 0 pages (at 0 pages/min), scraped 0 items (at 0 items/min)
2017-12-24 15:51:16 [scrapy.extensions.telnet] DEBUG: Telnet console listening on 127.0.0.1:6023
2017-12-24 15:51:16 [scrapy.core.engine] DEBUG: Crawled (200) <GET https://movie.douban.com/top250?start=0&filter=> (referer: None)
2017-12-24 15:51:17 [scrapy.core.engine] DEBUG: Crawled (200) <GET https://movie.douban.com/top250?start=25&filter=> (referer: https://movie.douban.com/top250?start=0&filter=)
2017-12-24 15:51:17 [scrapy.core.engine] DEBUG: Crawled (200) <GET https://movie.douban.com/top250?start=50&filter=> (referer: https://movie.douban.com/top250?start=25&filter=)
2017-12-24 15:51:17 [scrapy.core.engine] DEBUG: Crawled (200) <GET https://movie.douban.com/top250?start=75&filter=> (referer: https://movie.douban.com/top250?start=50&filter=)
2017-12-24 15:51:17 [scrapy.core.engine] DEBUG: Crawled (200) <GET https://movie.douban.com/top250?start=100&filter=> (referer: https://movie.douban.com/top250?start=75&filter=)
2017-12-24 15:51:18 [scrapy.core.engine] DEBUG: Crawled (200) <GET https://movie.douban.com/top250?start=125&filter=> (referer: https://movie.douban.com/top250?start=100&filter=)
2017-12-24 15:51:18 [scrapy.core.engine] DEBUG: Crawled (200) <GET https://movie.douban.com/top250?start=150&filter=> (referer: https://movie.douban.com/top250?start=125&filter=)
2017-12-24 15:51:18 [scrapy.core.engine] DEBUG: Crawled (200) <GET https://movie.douban.com/top250?start=175&filter=> (referer: https://movie.douban.com/top250?start=150&filter=)
2017-12-24 15:51:19 [scrapy.core.engine] DEBUG: Crawled (200) <GET https://movie.douban.com/top250?start=200&filter=> (referer: https://movie.douban.com/top250?start=175&filter=)
2017-12-24 15:51:19 [scrapy.core.engine] DEBUG: Crawled (200) <GET https://movie.douban.com/top250?start=225&filter=> (referer: https://movie.douban.com/top250?start=200&filter=)
2017-12-24 15:51:19 [scrapy.core.engine] INFO: Closing spider (finished)
2017-12-24 15:51:19 [scrapy.statscollectors] INFO: Dumping Scrapy stats:
{'downloader/request_bytes': 3869,
 'downloader/request_count': 10,
 'downloader/request_method_count/GET': 10,
 'downloader/response_bytes': 130368,
 'downloader/response_count': 10,
 'downloader/response_status_count/200': 10,
 'finish_reason': 'finished',
 'finish_time': datetime.datetime(2017, 12, 24, 7, 51, 19, 522000),
 'log_count/DEBUG': 11,
 'log_count/INFO': 7,
 'request_depth_max': 9,
 'response_received_count': 10,
 'scheduler/dequeued': 10,
 'scheduler/dequeued/memory': 10,
 'scheduler/enqueued': 10,
 'scheduler/enqueued/memory': 10,
 'start_time': datetime.datetime(2017, 12, 24, 7, 51, 16, 747000)}
2017-12-24 15:51:19 [scrapy.core.engine] INFO: Spider closed (finished)
2017-12-24 15:52:14 [scrapy.utils.log] INFO: Scrapy 1.4.0 started (bot: doubanmovie)
2017-12-24 15:52:14 [scrapy.utils.log] INFO: Overridden settings: {'NEWSPIDER_MODULE': 'doubanmovie.spiders', 'SPIDER_MODULES': ['doubanmovie.spiders'], 'LOG_FILE': 'douban.log', 'COOKIES_ENABLED': False, 'BOT_NAME': 'doubanmovie'}
2017-12-24 15:52:14 [scrapy.middleware] INFO: Enabled extensions:
['scrapy.extensions.logstats.LogStats',
 'scrapy.extensions.telnet.TelnetConsole',
 'scrapy.extensions.corestats.CoreStats']
2017-12-24 15:52:14 [scrapy.middleware] INFO: Enabled downloader middlewares:
['doubanmovie.middlewares.RandomUserAgent',
 'doubanmovie.middlewares.RandomProxy',
 'scrapy.downloadermiddlewares.httpauth.HttpAuthMiddleware',
 'scrapy.downloadermiddlewares.downloadtimeout.DownloadTimeoutMiddleware',
 'scrapy.downloadermiddlewares.defaultheaders.DefaultHeadersMiddleware',
 'scrapy.downloadermiddlewares.useragent.UserAgentMiddleware',
 'scrapy.downloadermiddlewares.retry.RetryMiddleware',
 'scrapy.downloadermiddlewares.redirect.MetaRefreshMiddleware',
 'scrapy.downloadermiddlewares.httpcompression.HttpCompressionMiddleware',
 'scrapy.downloadermiddlewares.redirect.RedirectMiddleware',
 'scrapy.downloadermiddlewares.httpproxy.HttpProxyMiddleware',
 'scrapy.downloadermiddlewares.stats.DownloaderStats']
2017-12-24 15:52:14 [scrapy.middleware] INFO: Enabled spider middlewares:
['scrapy.spidermiddlewares.httperror.HttpErrorMiddleware',
 'scrapy.spidermiddlewares.offsite.OffsiteMiddleware',
 'scrapy.spidermiddlewares.referer.RefererMiddleware',
 'scrapy.spidermiddlewares.urllength.UrlLengthMiddleware',
 'scrapy.spidermiddlewares.depth.DepthMiddleware']
2017-12-24 15:52:14 [scrapy.middleware] INFO: Enabled item pipelines:
['doubanmovie.pipelines.DoubanmoviePipeline']
2017-12-24 15:52:14 [scrapy.core.engine] INFO: Spider opened
2017-12-24 15:52:14 [scrapy.extensions.logstats] INFO: Crawled 0 pages (at 0 pages/min), scraped 0 items (at 0 items/min)
2017-12-24 15:52:14 [scrapy.extensions.telnet] DEBUG: Telnet console listening on 127.0.0.1:6023
2017-12-24 15:52:23 [scrapy.core.engine] DEBUG: Crawled (200) <GET https://movie.douban.com/top250?start=0&filter=> (referer: None)
2017-12-24 15:52:33 [scrapy.core.engine] DEBUG: Crawled (200) <GET https://movie.douban.com/top250?start=25&filter=> (referer: https://movie.douban.com/top250?start=0&filter=)
2017-12-24 15:52:42 [scrapy.core.engine] DEBUG: Crawled (200) <GET https://movie.douban.com/top250?start=50&filter=> (referer: https://movie.douban.com/top250?start=25&filter=)
2017-12-24 15:52:51 [scrapy.core.engine] DEBUG: Crawled (200) <GET https://movie.douban.com/top250?start=75&filter=> (referer: https://movie.douban.com/top250?start=50&filter=)
2017-12-24 15:53:00 [scrapy.core.engine] DEBUG: Crawled (200) <GET https://movie.douban.com/top250?start=100&filter=> (referer: https://movie.douban.com/top250?start=75&filter=)
2017-12-24 15:53:10 [scrapy.crawler] INFO: Received SIGINT, shutting down gracefully. Send again to force 
2017-12-24 15:53:10 [scrapy.core.engine] INFO: Closing spider (shutdown)
2017-12-24 15:53:10 [scrapy.core.engine] DEBUG: Crawled (200) <GET https://movie.douban.com/top250?start=125&filter=> (referer: https://movie.douban.com/top250?start=100&filter=)
2017-12-24 15:53:10 [scrapy.statscollectors] INFO: Dumping Scrapy stats:
{'downloader/request_bytes': 2171,
 'downloader/request_count': 6,
 'downloader/request_method_count/GET': 6,
 'downloader/response_bytes': 408355,
 'downloader/response_count': 6,
 'downloader/response_status_count/200': 6,
 'finish_reason': 'shutdown',
 'finish_time': datetime.datetime(2017, 12, 24, 7, 53, 10, 240000),
 'log_count/DEBUG': 7,
 'log_count/INFO': 8,
 'request_depth_max': 6,
 'response_received_count': 6,
 'scheduler/dequeued': 6,
 'scheduler/dequeued/memory': 6,
 'scheduler/enqueued': 7,
 'scheduler/enqueued/memory': 7,
 'start_time': datetime.datetime(2017, 12, 24, 7, 52, 14, 485000)}
2017-12-24 15:53:10 [scrapy.core.engine] INFO: Spider closed (shutdown)
